<?xml version="1.0" encoding="UTF-8"?>
<!-- Generated by org.testng.reporters.JUnitReportReporter -->
<testsuite skipped="0" hostname="rajekra-PC" name="google_testcase.testclass" tests="1" failures="0" timestamp="13 Jun 2020 17:26:30 GMT" time="206.405" errors="0">
  <testcase name="headerlinks" time="206.405" classname="google_testcase.testclass"/>
</testsuite> <!-- google_testcase.testclass -->
